#
# There is insufficient memory for the Java Runtime Environment to continue.
# Native memory allocation (mmap) failed to map 268435456 bytes for Failed to commit area from 0x0000000701e00000 to 0x0000000711e00000 of length 268435456.
# Possible reasons:
#   The system is out of physical RAM or swap space
#   The process is running with CompressedOops enabled, and the Java Heap may be blocking the growth of the native heap
# Possible solutions:
#   Reduce memory load on the system
#   Increase physical memory or swap space
#   Check if swap backing store is full
#   Decrease Java heap size (-Xmx/-Xms)
#   Decrease number of Java threads
#   Decrease Java thread stack sizes (-Xss)
#   Set larger code cache with -XX:ReservedCodeCacheSize=
# This output file may be truncated or incomplete.
#
#  Out of Memory Error (./src/hotspot/os/windows/os_windows.cpp:3303), pid=3496, tid=5200
#
# JRE version:  (11.0.7+10) (build )
# Java VM: OpenJDK 64-Bit Server VM (11.0.7+10-LTS, mixed mode, sharing, tiered, compressed oops, g1 gc, windows-amd64)
# No core dump will be written. Minidumps are not enabled by default on client versions of Windows
#

---------------  S U M M A R Y ------------

Command Line: -Xverify:none -XX:TieredStopAtLevel=1 br.com.tech4me.animaisms.AnimaisMsApplication

Host: Intel(R) Core(TM) i5-8265U CPU @ 1.60GHz, 8 cores, 15G,  Windows 10 , 64 bit Build 18362 (10.0.18362.1350)
Time: Thu Jun 24 17:18:58 2021 Hora Padrão da Bahia elapsed time: 0 seconds (0d 0h 0m 0s)

---------------  T H R E A D  ---------------

Current thread (0x000001c1989e7000):  JavaThread "Unknown thread" [_thread_in_vm, id=5200, stack(0x00000029fc900000,0x00000029fca00000)]

Stack: [0x00000029fc900000,0x00000029fca00000]
Native frames: (J=compiled Java code, j=interpreted, Vv=VM code, C=native code)
V  [jvm.dll+0x5e3cca]
V  [jvm.dll+0x77a76e]
V  [jvm.dll+0x77be3f]
V  [jvm.dll+0x77c503]
V  [jvm.dll+0x242b18]
V  [jvm.dll+0x5e0f8a]
V  [jvm.dll+0x5d5c75]
V  [jvm.dll+0x2f8d2c]
V  [jvm.dll+0x2f8bb2]
V  [jvm.dll+0x2fd866]
V  [jvm.dll+0x34189f]
V  [jvm.dll+0x3412d0]
V  [jvm.dll+0x2d6078]
V  [jvm.dll+0x2d71c6]
V  [jvm.dll+0x7562a7]
V  [jvm.dll+0x757a2f]
V  [jvm.dll+0x34e619]
V  [jvm.dll+0x739910]
V  [jvm.dll+0x3b5acf]
V  [jvm.dll+0x3b7f71]
C  [jli.dll+0x2f03]
C  [ucrtbase.dll+0x210b2]
C  [KERNEL32.DLL+0x17c24]
C  [ntdll.dll+0x6d721]


---------------  P R O C E S S  ---------------

Threads class SMR info:
_java_thread_list=0x000001c196789430, length=0, elements={
}

Java Threads: ( => current thread )

Other Threads:
  0x000001c1989fe800 GCTaskThread "GC Thread#0" [stack: 0x00000029fca00000,0x00000029fcb00000] [id=10300]
  0x000001c198a5e800 ConcurrentGCThread "G1 Main Marker" [stack: 0x00000029fcb00000,0x00000029fcc00000] [id=20508]
  0x000001c198a60000 ConcurrentGCThread "G1 Conc#0" [stack: 0x00000029fcc00000,0x00000029fcd00000] [id=14140]

[error occurred during error reporting (printing all threads), id 0xc0000005, EXCEPTION_ACCESS_VIOLATION (0xc0000005) at pc=0x00007ffc6fff56c7]

VM state:not at safepoint (not fully initialized)

VM Mutex/Monitor currently owned by a thread:  ([mutex/lock_event])
[0x000001c1989e4540] Heap_lock - owner thread: 0x000001c1989e7000

Heap address: 0x0000000701e00000, size: 4066 MB, Compressed Oops mode: Non-zero based: 0x0000000701e00000
Narrow klass base: 0x0000000000000000, Narrow klass shift: 0

GC Heap History (0 events):
No events

Deoptimization events (0 events):
No events

Classes redefined (0 events):
No events

Internal exceptions (0 events):
No events

Events (2 events):
Event: 0.008 Loaded shared library C:\Program Files\RedHat\java-11-openjdk-11.0.7-1\bin\zip.dll
Event: 0.009 Loaded shared library C:\Program Files\RedHat\java-11-openjdk-11.0.7-1\bin\jimage.dll


Dynamic libraries:
0x00007ff692cb0000 - 0x00007ff692d12000 	C:\Program Files\RedHat\java-11-openjdk-11.0.7-1\bin\java.exe
0x00007ffcbf360000 - 0x00007ffcbf550000 	C:\WINDOWS\SYSTEM32\ntdll.dll
0x00007ffcbe6d0000 - 0x00007ffcbe782000 	C:\WINDOWS\System32\KERNEL32.DLL
0x00007ffcbcba0000 - 0x00007ffcbce45000 	C:\WINDOWS\System32\KERNELBASE.dll
0x00007ffcbd2e0000 - 0x00007ffcbd3da000 	C:\WINDOWS\System32\ucrtbase.dll
0x00007ffcac1c0000 - 0x00007ffcac1d8000 	C:\Program Files\RedHat\java-11-openjdk-11.0.7-1\bin\jli.dll
0x00007ffca89c0000 - 0x00007ffca89d5000 	C:\Program Files\RedHat\java-11-openjdk-11.0.7-1\bin\VCRUNTIME140.dll
0x00007ffcbe790000 - 0x00007ffcbe924000 	C:\WINDOWS\System32\USER32.dll
0x00007ffcbc2a0000 - 0x00007ffcbc2c1000 	C:\WINDOWS\System32\win32u.dll
0x00007ffca0a40000 - 0x00007ffca0cc4000 	C:\WINDOWS\WinSxS\amd64_microsoft.windows.common-controls_6595b64144ccf1df_6.0.18362.1440_none_9e7dbfb9e45e8e67\COMCTL32.dll
0x00007ffcbed20000 - 0x00007ffcbed46000 	C:\WINDOWS\System32\GDI32.dll
0x00007ffcbd660000 - 0x00007ffcbd6fe000 	C:\WINDOWS\System32\msvcrt.dll
0x00007ffcbce50000 - 0x00007ffcbcfe8000 	C:\WINDOWS\System32\gdi32full.dll
0x00007ffcbedd0000 - 0x00007ffcbf106000 	C:\WINDOWS\System32\combase.dll
0x00007ffcbcff0000 - 0x00007ffcbd08e000 	C:\WINDOWS\System32\msvcp_win.dll
0x00007ffcbd3e0000 - 0x00007ffcbd4ff000 	C:\WINDOWS\System32\RPCRT4.dll
0x00007ffcbd090000 - 0x00007ffcbd111000 	C:\WINDOWS\System32\bcryptPrimitives.dll
0x00007ffcbf1b0000 - 0x00007ffcbf1de000 	C:\WINDOWS\System32\IMM32.DLL
0x00007ffc73870000 - 0x00007ffc7390b000 	C:\Program Files\RedHat\java-11-openjdk-11.0.7-1\bin\msvcp140.dll
0x00007ffc6fd10000 - 0x00007ffc70856000 	C:\Program Files\RedHat\java-11-openjdk-11.0.7-1\bin\server\jvm.dll
0x00007ffcbf1e0000 - 0x00007ffcbf283000 	C:\WINDOWS\System32\ADVAPI32.dll
0x00007ffcbe2c0000 - 0x00007ffcbe357000 	C:\WINDOWS\System32\sechost.dll
0x00007ffcbf1a0000 - 0x00007ffcbf1a8000 	C:\WINDOWS\System32\PSAPI.DLL
0x00007ffcb6ec0000 - 0x00007ffcb6ee4000 	C:\WINDOWS\SYSTEM32\WINMM.dll
0x00007ffc9bca0000 - 0x00007ffc9bca9000 	C:\WINDOWS\SYSTEM32\WSOCK32.dll
0x00007ffcb3320000 - 0x00007ffcb332a000 	C:\WINDOWS\SYSTEM32\VERSION.dll
0x00007ffcbe4b0000 - 0x00007ffcbe51f000 	C:\WINDOWS\System32\WS2_32.dll
0x00007ffcb6e90000 - 0x00007ffcb6ebd000 	C:\WINDOWS\SYSTEM32\WINMMBASE.dll
0x00007ffcbc2d0000 - 0x00007ffcbc31a000 	C:\WINDOWS\System32\cfgmgr32.dll
0x00007ffcbc260000 - 0x00007ffcbc271000 	C:\WINDOWS\System32\kernel.appcore.dll
0x00007ffcae0c0000 - 0x00007ffcae0d0000 	C:\Program Files\RedHat\java-11-openjdk-11.0.7-1\bin\verify.dll
0x00007ffcb7190000 - 0x00007ffcb7384000 	C:\WINDOWS\SYSTEM32\DBGHELP.DLL
0x00007ffc9f230000 - 0x00007ffc9f25a000 	C:\WINDOWS\SYSTEM32\dbgcore.DLL
0x00007ffca8990000 - 0x00007ffca89b8000 	C:\Program Files\RedHat\java-11-openjdk-11.0.7-1\bin\java.dll
0x00007ffca87b0000 - 0x00007ffca87c7000 	C:\Program Files\RedHat\java-11-openjdk-11.0.7-1\bin\zip.dll
0x00007ffcac000000 - 0x00007ffcac00a000 	C:\Program Files\RedHat\java-11-openjdk-11.0.7-1\bin\jimage.dll

dbghelp: loaded successfully - version: 4.0.5 - missing functions: none
symbol engine: initialized successfully - sym options: 0x614 - pdb path: .;C:\Program Files\RedHat\java-11-openjdk-11.0.7-1\bin;C:\WINDOWS\SYSTEM32;C:\WINDOWS\WinSxS\amd64_microsoft.windows.common-controls_6595b64144ccf1df_6.0.18362.1440_none_9e7dbfb9e45e8e67;C:\Program Files\RedHat\java-11-openjdk-11.0.7-1\bin\server

VM Arguments:
jvm_args: -Xverify:none -XX:TieredStopAtLevel=1 
java_command: br.com.tech4me.animaisms.AnimaisMsApplication
java_class_path (initial): c:\Galileo\Backend\pessoa-workspace\animais-ms\target\classes;C:\Users\jacqueline.dsn.pack.ALTERDATA\.m2\repository\org\modelmapper\modelmapper\2.3.8\modelmapper-2.3.8.jar;C:\Users\jacqueline.dsn.pack.ALTERDATA\.m2\repository\org\springframework\boot\spring-boot-starter-data-mongodb\2.3.12.RELEASE\spring-boot-starter-data-mongodb-2.3.12.RELEASE.jar;C:\Users\jacqueline.dsn.pack.ALTERDATA\.m2\repository\org\springframework\boot\spring-boot-starter\2.3.12.RELEASE\spring-boot-starter-2.3.12.RELEASE.jar;C:\Users\jacqueline.dsn.pack.ALTERDATA\.m2\repository\org\springframework\boot\spring-boot\2.3.12.RELEASE\spring-boot-2.3.12.RELEASE.jar;C:\Users\jacqueline.dsn.pack.ALTERDATA\.m2\repository\org\springframework\boot\spring-boot-autoconfigure\2.3.12.RELEASE\spring-boot-autoconfigure-2.3.12.RELEASE.jar;C:\Users\jacqueline.dsn.pack.ALTERDATA\.m2\repository\org\springframework\boot\spring-boot-starter-logging\2.3.12.RELEASE\spring-boot-starter-logging-2.3.12.RELEASE.jar;C:\Users\jacqueline.dsn.pack.ALTERDATA\.m2\repository\ch\qos\logback\logback-classic\1.2.3\logback-classic-1.2.3.jar;C:\Users\jacqueline.dsn.pack.ALTERDATA\.m2\repository\ch\qos\logback\logback-core\1.2.3\logback-core-1.2.3.jar;C:\Users\jacqueline.dsn.pack.ALTERDATA\.m2\repository\org\apache\logging\log4j\log4j-to-slf4j\2.13.3\log4j-to-slf4j-2.13.3.jar;C:\Users\jacqueline.dsn.pack.ALTERDATA\.m2\repository\org\apache\logging\log4j\log4j-api\2.13.3\log4j-api-2.13.3.jar;C:\Users\jacqueline.dsn.pack.ALTERDATA\.m2\repository\org\slf4j\jul-to-slf4j\1.7.30\jul-to-slf4j-1.7.30.jar;C:\Users\jacqueline.dsn.pack.ALTERDATA\.m2\repository\jakarta\annotation\jakarta.annotation-api\1.3.5\jakarta.annotation-api-1.3.5.jar;C:\Users\jacqueline.dsn.pack.ALTERDATA\.m2\repository\org\yaml\snakeyaml\1.26\snakeyaml-1.26.jar;C:\Users\jacqueline.dsn.pack.ALTERDATA\.m2\repository\org\mongodb\mongodb-driver-sync\4.0.6\mongodb-driver-sync-4.0.6.jar;C:\Users\jacqueline.dsn.pack.ALTERDATA\.m2\repository\org\mong
Launcher Type: SUN_STANDARD

[Global flags]
     bool BytecodeVerificationLocal                = false                                     {product} {command line}
     bool BytecodeVerificationRemote               = false                                     {product} {command line}
     intx CICompilerCount                          = 4                                         {product} {ergonomic}
     uint ConcGCThreads                            = 2                                         {product} {ergonomic}
     uint G1ConcRefinementThreads                  = 8                                         {product} {ergonomic}
   size_t G1HeapRegionSize                         = 1048576                                   {product} {ergonomic}
    uintx GCDrainStackTargetSize                   = 64                                        {product} {ergonomic}
   size_t InitialHeapSize                          = 268435456                                 {product} {ergonomic}
   size_t MarkStackSize                            = 4194304                                   {product} {ergonomic}
   size_t MaxHeapSize                              = 4263510016                                {product} {ergonomic}
   size_t MinHeapDeltaBytes                        = 1048576                                   {product} {ergonomic}
    uintx NonNMethodCodeHeapSize                   = 7549744                                {pd product} {ergonomic}
    uintx NonProfiledCodeHeapSize                  = 244108496                              {pd product} {ergonomic}
    uintx ProfiledCodeHeapSize                     = 0                                      {pd product} {ergonomic}
    uintx ReservedCodeCacheSize                    = 251658240                              {pd product} {ergonomic}
     bool SegmentedCodeCache                       = true                                      {product} {ergonomic}
     intx TieredStopAtLevel                        = 1                                         {product} {command line}
     bool UseCompressedClassPointers               = true                                 {lp64_product} {ergonomic}
     bool UseCompressedOops                        = true                                 {lp64_product} {ergonomic}
     bool UseG1GC                                  = true                                      {product} {ergonomic}
     bool UseLargePagesIndividualAllocation        = false                                  {pd product} {ergonomic}

Logging:
Log output configuration:
 #0: stdout all=warning uptime,level,tags
 #1: stderr all=off uptime,level,tags

Environment Variables:
JAVA_HOME=C:\Program Files\RedHat\java-11-openjdk-11.0.7-1
CLASSPATH=;C:\Program Files\RedHat\java-11-openjdk-11.0.7-1\lib;C:\Program Files\RedHat\java-11-openjdk-11.0.7-1\lib\tools.jar;C:\Program Files\RedHat\java-11-openjdk-11.0.7-1\lib\dt.jar;
PATH=C:\Program Files (x86)\Borland\Delphi7\Bin;C:\Program Files (x86)\Borland\Delphi7\Projects\Bpl\;C:\Program Files (x86)\Common Files\Oracle\Java\javapath;C:\WINDOWS\system32;C:\WINDOWS;C:\WINDOWS\System32\Wbem;C:\WINDOWS\System32\WindowsPowerShell\v1.0\;C:\WINDOWS\System32\OpenSSH\;C:\Program Files\RedHat\java-11-openjdk-11.0.7-1\bin;;C:\Program Files (x86)\EurekaLab\EurekaLog 6\Delphi7;C:\Program Files\Microsoft SQL Server\110\Tools\Binn\;c:\Program Files (x86)\Microsoft SQL Server\110\Tools\Binn\;c:\Program Files\Microsoft SQL Server\110\DTS\Binn\;C:\Program Files\RedHat\java-11-openjdk-11.0.7-1\bin;C:\Program Files\nodejs\;C:\Program Files\Git\cmd;C:\Program Files\TortoiseSVN\bin;C:\Program Files\apache-maven-3.8.1\bin;C:\Users\jacqueline.dsn.pack.ALTERDATA\AppData\Local\Microsoft\WindowsApps;C:\Users\jacqueline.dsn.pack.ALTERDATA\AppData\Local\Programs\Fiddler;C:\Program Files\MongoDB\Server\4.2\bin;C:\Program Files\RedHat\java-11-openjdk-11.0.7-1\bin;C:\Users\jacqueline.dsn.pack.ALTERDATA\AppData\Roaming\npm;C:\dsn\win\lib2006\6.12\bpl;C:\Program Files (x86)\HP\Common\HPDestPlgIn\;C:\Users\jacqueline.dsn.pack.ALTERDATA\AppData\Local\Programs\Microsoft VS Code\bin
USERNAME=jacqueline.dsn.pack
OS=Windows_NT
PROCESSOR_IDENTIFIER=Intel64 Family 6 Model 142 Stepping 12, GenuineIntel



---------------  S Y S T E M  ---------------

OS: Windows 10 , 64 bit Build 18362 (10.0.18362.1350)
OS uptime: 2 days 20:02 hours
HyperV virtualization detected

CPU:total 8 (initial active 8) (4 cores per cpu, 2 threads per core) family 6 model 142 stepping 12, cmov, cx8, fxsr, mmx, sse, sse2, sse3, ssse3, sse4.1, sse4.2, popcnt, avx, avx2, aes, clmul, erms, 3dnowpref, lzcnt, ht, tsc, tscinvbit, bmi1, bmi2, adx, fma

Memory: 4k page, system-wide physical 16256M (2498M free)
TotalPageFile size 16256M (AvailPageFile size 215M)
current process WorkingSet (physical memory assigned to process): 10M, peak: 10M
current process commit charge ("private bytes"): 58M, peak: 314M

vm_info: OpenJDK 64-Bit Server VM (11.0.7+10-LTS) for windows-amd64 JRE (11.0.7+10-LTS), built on Apr  9 2020 00:20:14 by "" with MS VC++ 15.9 (VS2017)

END.
